<?xml version="1.0" encoding="UTF-8"?>
<!-- Generated by org.testng.reporters.JUnitXMLReporter -->
<testsuite hostname="kartiks-MacBook-Pro.local" name="Find Friend Test" tests="2" failures="1" timestamp="21 Jul 2015 00:13:20 GMT" time="35.745" errors="0">
  <testcase name="findFriend" time="35.744" classname="com.facebook.testCases.FindFriendTest">
    <failure type="java.lang.AssertionError" message="xxxl - Friend Not Present expected [true] but found [false]">
      <![CDATA[java.lang.AssertionError: xxxl - Friend Not Present expected [true] but found [false]
	at com.facebook.testCases.FindFriendTest.findFriend(FindFriendTest.java:33)
... Removed 26 stack frames]]>
    </failure>
  </testcase> <!-- findFriend -->
  <testcase name="messageFriend" time="0.0" classname="com.facebook.testCases.FindFriendTest">
    <skipped/>
  </testcase> <!-- messageFriend -->
</testsuite> <!-- Find Friend Test -->
