<?xml version="1.0" encoding="UTF-8"?>
<!-- Generated by org.testng.reporters.JUnitXMLReporter -->
<testsuite hostname="kartiks-MacBook-Pro.local" name="Login Test" tests="3" failures="0" timestamp="21 Jul 2015 00:12:44 GMT" time="39.638" errors="0">
  <testcase name="loginTest" time="5.677" classname="com.facebook.testCases.LoginTest"/>
  <testcase name="loginTest" time="0.001" classname="com.facebook.testCases.LoginTest">
    <skipped/>
  </testcase> <!-- loginTest -->
  <testcase name="loginTest" time="33.387" classname="com.facebook.testCases.LoginTest"/>
</testsuite> <!-- Login Test -->
