<?xml version="1.0" encoding="UTF-8"?>
<testng-results skipped="0" failed="0" total="2" passed="2">
  <reporter-output>
  </reporter-output>
  <suite name="Default suite" duration-ms="8806" started-at="2015-07-21T20:41:58Z" finished-at="2015-07-21T20:42:07Z">
    <groups>
    </groups>
    <test name="Default test" duration-ms="8806" started-at="2015-07-21T20:41:58Z" finished-at="2015-07-21T20:42:07Z">
      <class name="com.facebook.testCases.FindFriendTest">
        <test-method status="PASS" signature="findFriend()[pri:0, instance:com.facebook.testCases.FindFriendTest@5a01ccaa]" name="findFriend" duration-ms="8790" started-at="2015-07-21T13:41:58Z" finished-at="2015-07-21T13:42:07Z">
          <reporter-output>
          </reporter-output>
        </test-method> <!-- findFriend -->
        <test-method status="PASS" signature="messageFriend()[pri:0, instance:com.facebook.testCases.FindFriendTest@5a01ccaa]" name="messageFriend" duration-ms="0" started-at="2015-07-21T13:42:07Z" depends-on-methods="com.facebook.testCases.FindFriendTest.findFriend" finished-at="2015-07-21T13:42:07Z">
          <reporter-output>
          </reporter-output>
        </test-method> <!-- messageFriend -->
      </class> <!-- com.facebook.testCases.FindFriendTest -->
    </test> <!-- Default test -->
  </suite> <!-- Default suite -->
</testng-results>
